
warning: Alerta Warning
error: Error testeado
fatal: Fatal Error

error: No se proporcionó ningún archivo.
error: No se proporcionó ningún archivo.
error: Cannot read properties of undefined (reading 'map')
error: Cannot read properties of undefined (reading 'map')
error: thumbnails is not defined
error: E11000 duplicate key error collection: ecommerce.products index: code_1 dup key: { code: "lapt12345" }
error: No puedes agregar tu propio producto al carrito.
error: Ese Email ya esta en uso.
error: Ese Email ya esta en uso.
error: Ese Email ya esta en uso.
error: Cast to ObjectId failed for value "{ _id: { id: '6619bfeb79446a513bae0702' } }" (type Object) at path "_id" for model "Users"
error: Cast to ObjectId failed for value "{ _id: { id: '6619bfeb79446a513bae0702' } }" (type Object) at path "_id" for model "Users"
error: Cast to ObjectId failed for value "{ _id: { _id: '6619bfeb79446a513bae0702' } }" (type Object) at path "_id" for model "Users"
error: Cannot read properties of undefined (reading '0')
error: Cannot read properties of undefined (reading '0')
error: updatedUser is not defined
error: updatedUser is not defined
error: Password incorrecta
error: Password incorrecta
error: Password incorrecta
error: Password incorrecta
error: Error al obtener datos del usuario actual:
error: Error al obtener datos del usuario actual:
error: Error al obtener datos del usuario actual:
error: Error al obtener datos del usuario actual:
error: Error al obtener datos del usuario actual:
error: Error al obtener datos del usuario actual:
error: Error al obtener datos del usuario actual:
